c:\users\baeza\documents\visual studio 2013\projects\games in progress\visual_novel_engine\visual_novel_engine\$bin\debug\intermediates\vc120.pdb
c:\users\baeza\documents\visual studio 2013\projects\games in progress\visual_novel_engine\visual_novel_engine\$bin\debug\intermediates\vc120.idb
c:\users\baeza\documents\visual studio 2013\projects\games in progress\visual_novel_engine\visual_novel_engine\$bin\debug\intermediates\bg_texture.obj
c:\users\baeza\documents\visual studio 2013\projects\games in progress\visual_novel_engine\visual_novel_engine\$bin\debug\intermediates\loadlevel.obj
c:\users\baeza\documents\visual studio 2013\projects\games in progress\visual_novel_engine\visual_novel_engine\$bin\debug\intermediates\lodepng.obj
c:\users\baeza\documents\visual studio 2013\projects\games in progress\visual_novel_engine\visual_novel_engine\$bin\debug\intermediates\window.obj
c:\users\baeza\documents\visual studio 2013\projects\games in progress\visual_novel_engine\visual_novel_engine\$bin\debug\intermediates\button.obj
c:\users\baeza\documents\visual studio 2013\projects\games in progress\visual_novel_engine\visual_novel_engine\$bin\debug\intermediates\inputcontroller.obj
c:\users\baeza\documents\visual studio 2013\projects\games in progress\visual_novel_engine\visual_novel_engine\$bin\debug\intermediates\baseitem.obj
c:\users\baeza\documents\visual studio 2013\projects\games in progress\visual_novel_engine\visual_novel_engine\$bin\debug\intermediates\motioncontroller.obj
c:\users\baeza\documents\visual studio 2013\projects\games in progress\visual_novel_engine\visual_novel_engine\$bin\debug\intermediates\orbits.obj
c:\users\baeza\documents\visual studio 2013\projects\games in progress\visual_novel_engine\visual_novel_engine\$bin\debug\intermediates\baseenemy.obj
c:\users\baeza\documents\visual studio 2013\projects\games in progress\visual_novel_engine\visual_novel_engine\$bin\debug\intermediates\baseentity.obj
c:\users\baeza\documents\visual studio 2013\projects\games in progress\visual_novel_engine\visual_novel_engine\$bin\debug\intermediates\basemedic.obj
c:\users\baeza\documents\visual studio 2013\projects\games in progress\visual_novel_engine\visual_novel_engine\$bin\debug\intermediates\baseobject.obj
c:\users\baeza\documents\visual studio 2013\projects\games in progress\visual_novel_engine\visual_novel_engine\$bin\debug\intermediates\bg.obj
c:\users\baeza\documents\visual studio 2013\projects\games in progress\visual_novel_engine\visual_novel_engine\$bin\debug\intermediates\bullet.obj
c:\users\baeza\documents\visual studio 2013\projects\games in progress\visual_novel_engine\visual_novel_engine\$bin\debug\intermediates\circleobject.obj
c:\users\baeza\documents\visual studio 2013\projects\games in progress\visual_novel_engine\visual_novel_engine\$bin\debug\intermediates\door.obj
c:\users\baeza\documents\visual studio 2013\projects\games in progress\visual_novel_engine\visual_novel_engine\$bin\debug\intermediates\meleeenemy.obj
c:\users\baeza\documents\visual studio 2013\projects\games in progress\visual_novel_engine\visual_novel_engine\$bin\debug\intermediates\playerobject.obj
c:\users\baeza\documents\visual studio 2013\projects\games in progress\visual_novel_engine\visual_novel_engine\$bin\debug\intermediates\wall.obj
c:\users\baeza\documents\visual studio 2013\projects\games in progress\visual_novel_engine\visual_novel_engine\$bin\debug\intermediates\inventory.obj
c:\users\baeza\documents\visual studio 2013\projects\games in progress\visual_novel_engine\visual_novel_engine\$bin\debug\intermediates\main.obj
c:\users\baeza\documents\visual studio 2013\projects\games in progress\visual_novel_engine\visual_novel_engine\$bin\debug\gameenginecore.ilk
c:\users\baeza\documents\visual studio 2013\projects\games in progress\visual_novel_engine\visual_novel_engine\$bin\debug\gameenginecore.exe
c:\users\baeza\documents\visual studio 2013\projects\games in progress\visual_novel_engine\visual_novel_engine\$bin\debug\gameenginecore.pdb
c:\users\baeza\documents\visual studio 2013\projects\games in progress\visual_novel_engine\visual_novel_engine\$bin\debug\intermediates\gameenginecore.tlog\cl.command.1.tlog
c:\users\baeza\documents\visual studio 2013\projects\games in progress\visual_novel_engine\visual_novel_engine\$bin\debug\intermediates\gameenginecore.tlog\cl.read.1.tlog
c:\users\baeza\documents\visual studio 2013\projects\games in progress\visual_novel_engine\visual_novel_engine\$bin\debug\intermediates\gameenginecore.tlog\cl.write.1.tlog
c:\users\baeza\documents\visual studio 2013\projects\games in progress\visual_novel_engine\visual_novel_engine\$bin\debug\intermediates\gameenginecore.tlog\link.command.1.tlog
c:\users\baeza\documents\visual studio 2013\projects\games in progress\visual_novel_engine\visual_novel_engine\$bin\debug\intermediates\gameenginecore.tlog\link.read.1.tlog
c:\users\baeza\documents\visual studio 2013\projects\games in progress\visual_novel_engine\visual_novel_engine\$bin\debug\intermediates\gameenginecore.tlog\link.write.1.tlog
